# JRE version: OpenJDK Runtime Environment Temurin-21.0.10+7 (21.0.10+7) (build 21.0.10+7-LTS)
# Java VM: OpenJDK 64-Bit Server VM Temurin-21.0.10+7 (21.0.10+7-LTS, mixed mode, sharing, tiered, compressed oops, compressed class ptrs, parallel gc, windows-amd64)
GC Precious Log:
 CardTable entry size: 512
 CPUs: 4 total, 4 available
 Memory: 7926M
 Large Page Support: Disabled
 NUMA Support: Disabled
 Compressed Oops: Enabled (32-bit)
 Alignments: Space 512K, Generation 512K, Heap 2M
 Heap Min Capacity: 100M
 Heap Initial Capacity: 100M
 Heap Max Capacity: 2G
 Pre-touch: Disabled
 Parallel Workers: 4
Heap:
 PSYoungGen      total 16896K, used 11627K [0x00000000d5580000, 0x00000000d6780000, 0x0000000100000000)
  eden space 16384K, 69% used [0x00000000d5580000,0x00000000d60b2f48,0x00000000d6580000)
  from space 512K, 31% used [0x00000000d6700000,0x00000000d6728010,0x00000000d6780000)
  to   space 512K, 0% used [0x00000000d6680000,0x00000000d6680000,0x00000000d6700000)
 ParOldGen       total 68608K, used 39061K [0x0000000080000000, 0x0000000084300000, 0x00000000d5580000)
  object space 68608K, 56% used [0x0000000080000000,0x0000000082625798,0x0000000084300000)
 Metaspace       used 58818K, committed 60032K, reserved 1114112K
  class space    used 6336K, committed 6784K, reserved 1048576K
GC Heap History (20 events):
Event: 266.286 GC heap before
{Heap before GC invocations=71 (full 3):
 PSYoungGen      total 16896K, used 16676K [0x00000000d5580000, 0x00000000d6780000, 0x0000000100000000)
  eden space 16384K, 100% used [0x00000000d5580000,0x00000000d6580000,0x00000000d6580000)
  from space 512K, 57% used [0x00000000d6680000,0x00000000d66c9050,0x00000000d6700000)
  to   space 512K, 0% used [0x00000000d6700000,0x00000000d6700000,0x00000000d6780000)
 ParOldGen       total 68608K, used 38333K [0x0000000080000000, 0x0000000084300000, 0x00000000d5580000)
  object space 68608K, 55% used [0x0000000080000000,0x000000008256f6c8,0x0000000084300000)
 Metaspace       used 58813K, committed 59968K, reserved 1114112K
  class space    used 6336K, committed 6784K, reserved 1048576K
}
Event: 266.287 GC heap after
{Heap after GC invocations=71 (full 3):
 PSYoungGen      total 16896K, used 224K [0x00000000d5580000, 0x00000000d6780000, 0x0000000100000000)
  eden space 16384K, 0% used [0x00000000d5580000,0x00000000d5580000,0x00000000d6580000)
  from space 512K, 43% used [0x00000000d6700000,0x00000000d6738030,0x00000000d6780000)
  to   space 512K, 0% used [0x00000000d6680000,0x00000000d6680000,0x00000000d6700000)
 ParOldGen       total 68608K, used 38405K [0x0000000080000000, 0x0000000084300000, 0x00000000d5580000)
  object space 68608K, 55% used [0x0000000080000000,0x00000000825816d8,0x0000000084300000)
 Metaspace       used 58813K, committed 59968K, reserved 1114112K
  class space    used 6336K, committed 6784K, reserved 1048576K
}
Event: 266.484 GC heap before
{Heap before GC invocations=72 (full 3):
 PSYoungGen      total 16896K, used 16608K [0x00000000d5580000, 0x00000000d6780000, 0x0000000100000000)
  eden space 16384K, 100% used [0x00000000d5580000,0x00000000d6580000,0x00000000d6580000)
  from space 512K, 43% used [0x00000000d6700000,0x00000000d6738030,0x00000000d6780000)
  to   space 512K, 0% used [0x00000000d6680000,0x00000000d6680000,0x00000000d6700000)
 ParOldGen       total 68608K, used 38405K [0x0000000080000000, 0x0000000084300000, 0x00000000d5580000)
  object space 68608K, 55% used [0x0000000080000000,0x00000000825816d8,0x0000000084300000)
 Metaspace       used 58814K, committed 59968K, reserved 1114112K
  class space    used 6336K, committed 6784K, reserved 1048576K
}
Event: 266.486 GC heap after
{Heap after GC invocations=72 (full 3):
 PSYoungGen      total 16896K, used 256K [0x00000000d5580000, 0x00000000d6780000, 0x0000000100000000)
  eden space 16384K, 0% used [0x00000000d5580000,0x00000000d5580000,0x00000000d6580000)
  from space 512K, 50% used [0x00000000d6680000,0x00000000d66c0040,0x00000000d6700000)
  to   space 512K, 0% used [0x00000000d6700000,0x00000000d6700000,0x00000000d6780000)
 ParOldGen       total 68608K, used 38477K [0x0000000080000000, 0x0000000084300000, 0x00000000d5580000)
  object space 68608K, 56% used [0x0000000080000000,0x00000000825936e8,0x0000000084300000)
 Metaspace       used 58814K, committed 59968K, reserved 1114112K
  class space    used 6336K, committed 6784K, reserved 1048576K
}
Event: 266.732 GC heap before
{Heap before GC invocations=73 (full 3):
 PSYoungGen      total 16896K, used 16640K [0x00000000d5580000, 0x00000000d6780000, 0x0000000100000000)
  eden space 16384K, 100% used [0x00000000d5580000,0x00000000d6580000,0x00000000d6580000)
  from space 512K, 50% used [0x00000000d6680000,0x00000000d66c0040,0x00000000d6700000)
  to   space 512K, 0% used [0x00000000d6700000,0x00000000d6700000,0x00000000d6780000)
 ParOldGen       total 68608K, used 38477K [0x0000000080000000, 0x0000000084300000, 0x00000000d5580000)
  object space 68608K, 56% used [0x0000000080000000,0x00000000825936e8,0x0000000084300000)
 Metaspace       used 58814K, committed 59968K, reserved 1114112K
  class space    used 6336K, committed 6784K, reserved 1048576K
}
Event: 266.733 GC heap after
{Heap after GC invocations=73 (full 3):
 PSYoungGen      total 16896K, used 224K [0x00000000d5580000, 0x00000000d6780000, 0x0000000100000000)
  eden space 16384K, 0% used [0x00000000d5580000,0x00000000d5580000,0x00000000d6580000)
  from space 512K, 43% used [0x00000000d6700000,0x00000000d6738030,0x00000000d6780000)
  to   space 512K, 0% used [0x00000000d6680000,0x00000000d6680000,0x00000000d6700000)
 ParOldGen       total 68608K, used 38533K [0x0000000080000000, 0x0000000084300000, 0x00000000d5580000)
  object space 68608K, 56% used [0x0000000080000000,0x00000000825a16f8,0x0000000084300000)
 Metaspace       used 58814K, committed 59968K, reserved 1114112K
  class space    used 6336K, committed 6784K, reserved 1048576K
}
Event: 266.987 GC heap before
{Heap before GC invocations=74 (full 3):
 PSYoungGen      total 16896K, used 16608K [0x00000000d5580000, 0x00000000d6780000, 0x0000000100000000)
  eden space 16384K, 100% used [0x00000000d5580000,0x00000000d6580000,0x00000000d6580000)
  from space 512K, 43% used [0x00000000d6700000,0x00000000d6738030,0x00000000d6780000)
  to   space 512K, 0% used [0x00000000d6680000,0x00000000d6680000,0x00000000d6700000)
 ParOldGen       total 68608K, used 38533K [0x0000000080000000, 0x0000000084300000, 0x00000000d5580000)
  object space 68608K, 56% used [0x0000000080000000,0x00000000825a16f8,0x0000000084300000)
 Metaspace       used 58814K, committed 59968K, reserved 1114112K
  class space    used 6336K, committed 6784K, reserved 1048576K
}
Event: 266.988 GC heap after
{Heap after GC invocations=74 (full 3):
 PSYoungGen      total 16896K, used 128K [0x00000000d5580000, 0x00000000d6780000, 0x0000000100000000)
  eden space 16384K, 0% used [0x00000000d5580000,0x00000000d5580000,0x00000000d6580000)
  from space 512K, 25% used [0x00000000d6680000,0x00000000d66a0000,0x00000000d6700000)
  to   space 512K, 0% used [0x00000000d6700000,0x00000000d6700000,0x00000000d6780000)
 ParOldGen       total 68608K, used 38693K [0x0000000080000000, 0x0000000084300000, 0x00000000d5580000)
  object space 68608K, 56% used [0x0000000080000000,0x00000000825c9738,0x0000000084300000)
 Metaspace       used 58814K, committed 59968K, reserved 1114112K
  class space    used 6336K, committed 6784K, reserved 1048576K
}
Event: 267.363 GC heap before
{Heap before GC invocations=75 (full 3):
 PSYoungGen      total 16896K, used 16512K [0x00000000d5580000, 0x00000000d6780000, 0x0000000100000000)
  eden space 16384K, 100% used [0x00000000d5580000,0x00000000d6580000,0x00000000d6580000)
  from space 512K, 25% used [0x00000000d6680000,0x00000000d66a0000,0x00000000d6700000)
  to   space 512K, 0% used [0x00000000d6700000,0x00000000d6700000,0x00000000d6780000)
 ParOldGen       total 68608K, used 38693K [0x0000000080000000, 0x0000000084300000, 0x00000000d5580000)
  object space 68608K, 56% used [0x0000000080000000,0x00000000825c9738,0x0000000084300000)
 Metaspace       used 58814K, committed 59968K, reserved 1114112K
  class space    used 6336K, committed 6784K, reserved 1048576K
}
Event: 267.364 GC heap after
{Heap after GC invocations=75 (full 3):
 PSYoungGen      total 16896K, used 160K [0x00000000d5580000, 0x00000000d6780000, 0x0000000100000000)
  eden space 16384K, 0% used [0x00000000d5580000,0x00000000d5580000,0x00000000d6580000)
  from space 512K, 31% used [0x00000000d6700000,0x00000000d6728020,0x00000000d6780000)
  to   space 512K, 0% used [0x00000000d6680000,0x00000000d6680000,0x00000000d6700000)
 ParOldGen       total 68608K, used 38693K [0x0000000080000000, 0x0000000084300000, 0x00000000d5580000)
  object space 68608K, 56% used [0x0000000080000000,0x00000000825c9738,0x0000000084300000)
 Metaspace       used 58814K, committed 59968K, reserved 1114112K
  class space    used 6336K, committed 6784K, reserved 1048576K
}
Event: 267.672 GC heap before
{Heap before GC invocations=76 (full 3):
 PSYoungGen      total 16896K, used 16544K [0x00000000d5580000, 0x00000000d6780000, 0x0000000100000000)
  eden space 16384K, 100% used [0x00000000d5580000,0x00000000d6580000,0x00000000d6580000)
  from space 512K, 31% used [0x00000000d6700000,0x00000000d6728020,0x00000000d6780000)
  to   space 512K, 0% used [0x00000000d6680000,0x00000000d6680000,0x00000000d6700000)
 ParOldGen       total 68608K, used 38693K [0x0000000080000000, 0x0000000084300000, 0x00000000d5580000)
  object space 68608K, 56% used [0x0000000080000000,0x00000000825c9738,0x0000000084300000)
 Metaspace       used 58815K, committed 59968K, reserved 1114112K
  class space    used 6336K, committed 6784K, reserved 1048576K
}
Event: 267.674 GC heap after
{Heap after GC invocations=76 (full 3):
 PSYoungGen      total 16896K, used 160K [0x00000000d5580000, 0x00000000d6780000, 0x0000000100000000)
  eden space 16384K, 0% used [0x00000000d5580000,0x00000000d5580000,0x00000000d6580000)
  from space 512K, 31% used [0x00000000d6680000,0x00000000d66a8010,0x00000000d6700000)
  to   space 512K, 0% used [0x00000000d6700000,0x00000000d6700000,0x00000000d6780000)
 ParOldGen       total 68608K, used 38725K [0x0000000080000000, 0x0000000084300000, 0x00000000d5580000)
  object space 68608K, 56% used [0x0000000080000000,0x00000000825d1738,0x0000000084300000)
 Metaspace       used 58815K, committed 59968K, reserved 1114112K
  class space    used 6336K, committed 6784K, reserved 1048576K
}
Event: 267.815 GC heap before
{Heap before GC invocations=77 (full 3):
 PSYoungGen      total 16896K, used 16544K [0x00000000d5580000, 0x00000000d6780000, 0x0000000100000000)
  eden space 16384K, 100% used [0x00000000d5580000,0x00000000d6580000,0x00000000d6580000)
  from space 512K, 31% used [0x00000000d6680000,0x00000000d66a8010,0x00000000d6700000)
  to   space 512K, 0% used [0x00000000d6700000,0x00000000d6700000,0x00000000d6780000)
 ParOldGen       total 68608K, used 38725K [0x0000000080000000, 0x0000000084300000, 0x00000000d5580000)
  object space 68608K, 56% used [0x0000000080000000,0x00000000825d1738,0x0000000084300000)
 Metaspace       used 58815K, committed 59968K, reserved 1114112K
  class space    used 6336K, committed 6784K, reserved 1048576K
}
Event: 267.816 GC heap after
{Heap after GC invocations=77 (full 3):
 PSYoungGen      total 16896K, used 192K [0x00000000d5580000, 0x00000000d6780000, 0x0000000100000000)
  eden space 16384K, 0% used [0x00000000d5580000,0x00000000d5580000,0x00000000d6580000)
  from space 512K, 37% used [0x00000000d6700000,0x00000000d6730020,0x00000000d6780000)
  to   space 512K, 0% used [0x00000000d6680000,0x00000000d6680000,0x00000000d6700000)
 ParOldGen       total 68608K, used 38741K [0x0000000080000000, 0x0000000084300000, 0x00000000d5580000)
  object space 68608K, 56% used [0x0000000080000000,0x00000000825d5738,0x0000000084300000)
 Metaspace       used 58815K, committed 59968K, reserved 1114112K
  class space    used 6336K, committed 6784K, reserved 1048576K
}
Event: 268.030 GC heap before
{Heap before GC invocations=78 (full 3):
 PSYoungGen      total 16896K, used 16576K [0x00000000d5580000, 0x00000000d6780000, 0x0000000100000000)
  eden space 16384K, 100% used [0x00000000d5580000,0x00000000d6580000,0x00000000d6580000)
  from space 512K, 37% used [0x00000000d6700000,0x00000000d6730020,0x00000000d6780000)
  to   space 512K, 0% used [0x00000000d6680000,0x00000000d6680000,0x00000000d6700000)
 ParOldGen       total 68608K, used 38741K [0x0000000080000000, 0x0000000084300000, 0x00000000d5580000)
  object space 68608K, 56% used [0x0000000080000000,0x00000000825d5738,0x0000000084300000)
 Metaspace       used 58817K, committed 59968K, reserved 1114112K
  class space    used 6336K, committed 6784K, reserved 1048576K
}
Event: 268.032 GC heap after
{Heap after GC invocations=78 (full 3):
 PSYoungGen      total 16896K, used 160K [0x00000000d5580000, 0x00000000d6780000, 0x0000000100000000)
  eden space 16384K, 0% used [0x00000000d5580000,0x00000000d5580000,0x00000000d6580000)
  from space 512K, 31% used [0x00000000d6680000,0x00000000d66a8010,0x00000000d6700000)
  to   space 512K, 0% used [0x00000000d6700000,0x00000000d6700000,0x00000000d6780000)
 ParOldGen       total 68608K, used 38909K [0x0000000080000000, 0x0000000084300000, 0x00000000d5580000)
  object space 68608K, 56% used [0x0000000080000000,0x00000000825ff778,0x0000000084300000)
 Metaspace       used 58817K, committed 59968K, reserved 1114112K
  class space    used 6336K, committed 6784K, reserved 1048576K
}
Event: 268.185 GC heap before
{Heap before GC invocations=79 (full 3):
 PSYoungGen      total 16896K, used 16544K [0x00000000d5580000, 0x00000000d6780000, 0x0000000100000000)
  eden space 16384K, 100% used [0x00000000d5580000,0x00000000d6580000,0x00000000d6580000)
  from space 512K, 31% used [0x00000000d6680000,0x00000000d66a8010,0x00000000d6700000)
  to   space 512K, 0% used [0x00000000d6700000,0x00000000d6700000,0x00000000d6780000)
 ParOldGen       total 68608K, used 38909K [0x0000000080000000, 0x0000000084300000, 0x00000000d5580000)
  object space 68608K, 56% used [0x0000000080000000,0x00000000825ff778,0x0000000084300000)
 Metaspace       used 58817K, committed 59968K, reserved 1114112K
  class space    used 6336K, committed 6784K, reserved 1048576K
}
Event: 268.186 GC heap after
{Heap after GC invocations=79 (full 3):
 PSYoungGen      total 16896K, used 192K [0x00000000d5580000, 0x00000000d6780000, 0x0000000100000000)
  eden space 16384K, 0% used [0x00000000d5580000,0x00000000d5580000,0x00000000d6580000)
  from space 512K, 37% used [0x00000000d6700000,0x00000000d6730020,0x00000000d6780000)
  to   space 512K, 0% used [0x00000000d6680000,0x00000000d6680000,0x00000000d6700000)
 ParOldGen       total 68608K, used 38973K [0x0000000080000000, 0x0000000084300000, 0x00000000d5580000)
  object space 68608K, 56% used [0x0000000080000000,0x000000008260f788,0x0000000084300000)
 Metaspace       used 58817K, committed 59968K, reserved 1114112K
  class space    used 6336K, committed 6784K, reserved 1048576K
}
Event: 268.473 GC heap before
{Heap before GC invocations=80 (full 3):
 PSYoungGen      total 16896K, used 16576K [0x00000000d5580000, 0x00000000d6780000, 0x0000000100000000)
  eden space 16384K, 100% used [0x00000000d5580000,0x00000000d6580000,0x00000000d6580000)
  from space 512K, 37% used [0x00000000d6700000,0x00000000d6730020,0x00000000d6780000)
  to   space 512K, 0% used [0x00000000d6680000,0x00000000d6680000,0x00000000d6700000)
 ParOldGen       total 68608K, used 38973K [0x0000000080000000, 0x0000000084300000, 0x00000000d5580000)
  object space 68608K, 56% used [0x0000000080000000,0x000000008260f788,0x0000000084300000)
 Metaspace       used 58817K, committed 59968K, reserved 1114112K
  class space    used 6336K, committed 6784K, reserved 1048576K
}
Event: 268.474 GC heap after
{Heap after GC invocations=80 (full 3):
 PSYoungGen      total 16896K, used 192K [0x00000000d5580000, 0x00000000d6780000, 0x0000000100000000)
  eden space 16384K, 0% used [0x00000000d5580000,0x00000000d5580000,0x00000000d6580000)
  from space 512K, 37% used [0x00000000d6680000,0x00000000d66b0020,0x00000000d6700000)
  to   space 512K, 0% used [0x00000000d6700000,0x00000000d6700000,0x00000000d6780000)
 ParOldGen       total 68608K, used 38997K [0x0000000080000000, 0x0000000084300000, 0x00000000d5580000)
  object space 68608K, 56% used [0x0000000080000000,0x0000000082615788,0x0000000084300000)
 Metaspace       used 58817K, committed 59968K, reserved 1114112K
  class space    used 6336K, committed 6784K, reserved 1048576K
}

